  Exercitiul 7.cpp
D:\Educatie\5. Facultate\Anul I\Sem. II\Structuri de date\Teme\Tema 2\Exercitiul 7\Exercitiul 7.cpp(113,17): error C2248: 'Nod<T>::next': cannot access private member declared in class 'Nod<T>'
          with
          [
              T=int
          ]
D:\Educatie\5. Facultate\Anul I\Sem. II\Structuri de date\Teme\Tema 2\Exercitiul 7\Exercitiul 7.cpp(8): message : see declaration of 'Nod<T>::next'
          with
          [
              T=int
          ]
D:\Educatie\5. Facultate\Anul I\Sem. II\Structuri de date\Teme\Tema 2\Exercitiul 7\Exercitiul 7.cpp(42): message : see declaration of 'Nod<T>'
          with
          [
              T=int
          ]
D:\Educatie\5. Facultate\Anul I\Sem. II\Structuri de date\Teme\Tema 2\Exercitiul 7\Exercitiul 7.cpp(101): message : while compiling class template member function 'void Lista<int>::PUSH_BACK(T)'
          with
          [
              T=int
          ]
D:\Educatie\5. Facultate\Anul I\Sem. II\Structuri de date\Teme\Tema 2\Exercitiul 7\Exercitiul 7.cpp(271): message : see reference to function template instantiation 'void Lista<int>::PUSH_BACK(T)' being compiled
          with
          [
              T=int
          ]
D:\Educatie\5. Facultate\Anul I\Sem. II\Structuri de date\Teme\Tema 2\Exercitiul 7\Exercitiul 7.cpp(268): message : see reference to class template instantiation 'Lista<int>' being compiled
D:\Educatie\5. Facultate\Anul I\Sem. II\Structuri de date\Teme\Tema 2\Exercitiul 7\Exercitiul 7.cpp(117,1): error C2106: '=': left operand must be l-value
